<?xml version="1.0" encoding="UTF-8"?>
<coverage generated="1773424590518" clover="3.2.0">
  <project timestamp="1773424590518" name="All files">
    <metrics statements="100" coveredstatements="91" conditionals="48" coveredconditionals="38" methods="47" coveredmethods="29" elements="195" coveredelements="158" complexity="0" loc="100" ncloc="100" packages="3" files="4" classes="4"/>
    <package name="src">
      <metrics statements="4" coveredstatements="4" conditionals="0" coveredconditionals="0" methods="4" coveredmethods="4"/>
      <file name="main.tsx" path="C:\Users\mykam\Desktop\Proyectos\Multimodal\modulo-comunicacion\plugins\mo-plugin-playback-web-browsing-activity\src\main.tsx">
        <metrics statements="4" coveredstatements="4" conditionals="0" coveredconditionals="0" methods="4" coveredmethods="4"/>
        <line num="9" count="1" type="stmt"/>
        <line num="13" count="1" type="stmt"/>
        <line num="17" count="1" type="stmt"/>
        <line num="23" count="4" type="stmt"/>
      </file>
    </package>
    <package name="src.__tests__.__mocks__">
      <metrics statements="6" coveredstatements="2" conditionals="0" coveredconditionals="0" methods="14" coveredmethods="2"/>
      <file name="mo-sdk.ts" path="C:\Users\mykam\Desktop\Proyectos\Multimodal\modulo-comunicacion\plugins\mo-plugin-playback-web-browsing-activity\src\__tests__\__mocks__\mo-sdk.ts">
        <metrics statements="6" coveredstatements="2" conditionals="0" coveredconditionals="0" methods="14" coveredmethods="2"/>
        <line num="1" count="1342" type="stmt"/>
        <line num="3" count="1" type="stmt"/>
        <line num="6" count="0" type="stmt"/>
        <line num="7" count="0" type="stmt"/>
        <line num="8" count="0" type="stmt"/>
        <line num="9" count="0" type="stmt"/>
      </file>
    </package>
    <package name="src.components">
      <metrics statements="90" coveredstatements="85" conditionals="48" coveredconditionals="38" methods="29" coveredmethods="23"/>
      <file name="Preview.tsx" path="C:\Users\mykam\Desktop\Proyectos\Multimodal\modulo-comunicacion\plugins\mo-plugin-playback-web-browsing-activity\src\components\Preview.tsx">
        <metrics statements="4" coveredstatements="4" conditionals="4" coveredconditionals="4" methods="2" coveredmethods="2"/>
        <line num="4" count="5" type="stmt"/>
        <line num="6" count="5" type="stmt"/>
        <line num="15" count="5" type="stmt"/>
        <line num="34" count="30" type="stmt"/>
      </file>
      <file name="View.tsx" path="C:\Users\mykam\Desktop\Proyectos\Multimodal\modulo-comunicacion\plugins\mo-plugin-playback-web-browsing-activity\src\components\View.tsx">
        <metrics statements="86" coveredstatements="81" conditionals="44" coveredconditionals="34" methods="27" coveredmethods="21"/>
        <line num="81" count="40" type="stmt"/>
        <line num="82" count="40" type="cond" truecount="1" falsecount="1"/>
        <line num="83" count="40" type="stmt"/>
        <line num="87" count="22" type="stmt"/>
        <line num="88" count="22" type="stmt"/>
        <line num="89" count="22" type="cond" truecount="2" falsecount="0"/>
        <line num="90" count="21" type="stmt"/>
        <line num="92" count="0" type="stmt"/>
        <line num="98" count="8" type="cond" truecount="2" falsecount="0"/>
        <line num="99" count="3" type="cond" truecount="1" falsecount="1"/>
        <line num="100" count="3" type="cond" truecount="1" falsecount="1"/>
        <line num="101" count="0" type="stmt"/>
        <line num="104" count="1" type="stmt"/>
        <line num="120" count="24" type="stmt"/>
        <line num="133" count="156" type="stmt"/>
        <line num="166" count="12" type="stmt"/>
        <line num="171" count="96" type="stmt"/>
        <line num="198" count="44" type="stmt"/>
        <line num="200" count="44" type="stmt"/>
        <line num="201" count="44" type="stmt"/>
        <line num="202" count="44" type="stmt"/>
        <line num="203" count="44" type="stmt"/>
        <line num="204" count="44" type="stmt"/>
        <line num="205" count="44" type="stmt"/>
        <line num="206" count="44" type="stmt"/>
        <line num="207" count="44" type="stmt"/>
        <line num="208" count="44" type="stmt"/>
        <line num="209" count="44" type="stmt"/>
        <line num="212" count="44" type="stmt"/>
        <line num="213" count="18" type="stmt"/>
        <line num="215" count="18" type="stmt"/>
        <line num="216" count="18" type="stmt"/>
        <line num="217" count="18" type="stmt"/>
        <line num="218" count="18" type="stmt"/>
        <line num="219" count="16" type="cond" truecount="2" falsecount="0"/>
        <line num="220" count="15" type="stmt"/>
        <line num="222" count="15" type="stmt"/>
        <line num="231" count="15" type="cond" truecount="1" falsecount="1"/>
        <line num="232" count="15" type="stmt"/>
        <line num="233" count="15" type="stmt"/>
        <line num="234" count="15" type="stmt"/>
        <line num="235" count="15" type="stmt"/>
        <line num="236" count="15" type="stmt"/>
        <line num="237" count="15" type="stmt"/>
        <line num="240" count="2" type="cond" truecount="1" falsecount="1"/>
        <line num="241" count="2" type="stmt"/>
        <line num="246" count="17" type="cond" truecount="1" falsecount="1"/>
        <line num="249" count="18" type="stmt"/>
        <line num="250" count="18" type="stmt"/>
        <line num="253" count="44" type="stmt"/>
        <line num="254" count="18" type="stmt"/>
        <line num="255" count="18" type="stmt"/>
        <line num="256" count="18" type="stmt"/>
        <line num="257" count="18" type="stmt"/>
        <line num="258" count="18" type="stmt"/>
        <line num="259" count="18" type="stmt"/>
        <line num="260" count="18" type="stmt"/>
        <line num="261" count="18" type="stmt"/>
        <line num="262" count="18" type="stmt"/>
        <line num="268" count="264" type="cond" truecount="2" falsecount="0"/>
        <line num="269" count="30" type="stmt"/>
        <line num="270" count="30" type="stmt"/>
        <line num="274" count="44" type="stmt"/>
        <line num="280" count="44" type="stmt"/>
        <line num="289" count="44" type="stmt"/>
        <line num="293" count="44" type="stmt"/>
        <line num="300" count="6" type="stmt"/>
        <line num="312" count="8" type="stmt"/>
        <line num="329" count="0" type="stmt"/>
        <line num="344" count="0" type="stmt"/>
        <line num="355" count="0" type="stmt"/>
        <line num="371" count="3" type="stmt"/>
        <line num="381" count="44" type="stmt"/>
        <line num="390" count="44" type="cond" truecount="2" falsecount="0"/>
        <line num="391" count="18" type="stmt"/>
        <line num="398" count="26" type="cond" truecount="2" falsecount="0"/>
        <line num="399" count="2" type="stmt"/>
        <line num="406" count="24" type="stmt"/>
        <line num="408" count="24" type="stmt"/>
        <line num="412" count="144" type="stmt"/>
        <line num="414" count="4" type="stmt"/>
        <line num="431" count="1" type="stmt"/>
        <line num="441" count="1" type="stmt"/>
        <line num="448" count="1" type="stmt"/>
        <line num="457" count="1" type="stmt"/>
        <line num="469" count="1" type="stmt"/>
      </file>
    </package>
  </project>
</coverage>
