{"C:\\Users\\mykam\\Desktop\\Proyectos\\Multimodal\\modulo-comunicacion\\plugins\\mo-plugin-playback-web-browsing-activity\\src\\main.tsx": {"path":"C:\\Users\\mykam\\Desktop\\Proyectos\\Multimodal\\modulo-comunicacion\\plugins\\mo-plugin-playback-web-browsing-activity\\src\\main.tsx","statementMap":{"0":{"start":{"line":9,"column":8},"end":{"line":9,"column":null}},"1":{"start":{"line":13,"column":8},"end":{"line":13,"column":null}},"2":{"start":{"line":17,"column":8},"end":{"line":17,"column":null}},"3":{"start":{"line":23,"column":8},"end":{"line":23,"column":null}}},"fnMap":{"0":{"name":"(anonymous_0)","decl":{"start":{"line":8,"column":4},"end":{"line":8,"column":12}},"loc":{"start":{"line":8,"column":36},"end":{"line":10,"column":null}},"line":8},"1":{"name":"(anonymous_1)","decl":{"start":{"line":12,"column":4},"end":{"line":12,"column":17}},"loc":{"start":{"line":12,"column":17},"end":{"line":14,"column":null}},"line":12},"2":{"name":"(anonymous_2)","decl":{"start":{"line":16,"column":4},"end":{"line":16,"column":22}},"loc":{"start":{"line":16,"column":22},"end":{"line":18,"column":null}},"line":16},"3":{"name":"(anonymous_3)","decl":{"start":{"line":20,"column":4},"end":{"line":20,"column":null}},"loc":{"start":{"line":22,"column":15},"end":{"line":24,"column":null}},"line":22}},"branchMap":{},"s":{"0":1,"1":1,"2":1,"3":4},"f":{"0":1,"1":1,"2":1,"3":4},"b":{},"meta":{"lastBranch":0,"lastFunction":4,"lastStatement":4,"seen":{"f:8:4:8:12":0,"s:9:8:9:Infinity":0,"f:12:4:12:17":1,"s:13:8:13:Infinity":1,"f:16:4:16:22":2,"s:17:8:17:Infinity":2,"f:20:4:20:Infinity":3,"s:23:8:23:Infinity":3}}}
,"C:\\Users\\mykam\\Desktop\\Proyectos\\Multimodal\\modulo-comunicacion\\plugins\\mo-plugin-playback-web-browsing-activity\\src\\__tests__\\__mocks__\\mo-sdk.ts": {"path":"C:\\Users\\mykam\\Desktop\\Proyectos\\Multimodal\\modulo-comunicacion\\plugins\\mo-plugin-playback-web-browsing-activity\\src\\__tests__\\__mocks__\\mo-sdk.ts","statementMap":{"0":{"start":{"line":1,"column":30},"end":{"line":1,"column":null}},"1":{"start":{"line":1,"column":49},"end":{"line":1,"column":null}},"2":{"start":{"line":1,"column":71},"end":{"line":1,"column":75}},"3":{"start":{"line":3,"column":35},"end":{"line":3,"column":null}},"4":{"start":{"line":3,"column":70},"end":{"line":3,"column":null}},"5":{"start":{"line":3,"column":87},"end":{"line":3,"column":null}},"6":{"start":{"line":6,"column":29},"end":{"line":6,"column":41}},"7":{"start":{"line":7,"column":17},"end":{"line":7,"column":29}},"8":{"start":{"line":8,"column":22},"end":{"line":8,"column":44}},"9":{"start":{"line":9,"column":43},"end":{"line":9,"column":55}}},"fnMap":{"0":{"name":"(anonymous_0)","decl":{"start":{"line":1,"column":30},"end":{"line":1,"column":31}},"loc":{"start":{"line":1,"column":49},"end":{"line":1,"column":null}},"line":1},"1":{"name":"(anonymous_1)","decl":{"start":{"line":1,"column":54},"end":{"line":1,"column":55}},"loc":{"start":{"line":1,"column":71},"end":{"line":1,"column":75}},"line":1},"2":{"name":"(anonymous_2)","decl":{"start":{"line":3,"column":35},"end":{"line":3,"column":36}},"loc":{"start":{"line":3,"column":70},"end":{"line":3,"column":null}},"line":3},"3":{"name":"(anonymous_3)","decl":{"start":{"line":3,"column":70},"end":{"line":3,"column":71}},"loc":{"start":{"line":3,"column":87},"end":{"line":3,"column":null}},"line":3},"4":{"name":"(anonymous_4)","decl":{"start":{"line":6,"column":2},"end":{"line":6,"column":10}},"loc":{"start":{"line":6,"column":27},"end":{"line":6,"column":null}},"line":6},"5":{"name":"(anonymous_5)","decl":{"start":{"line":7,"column":2},"end":{"line":7,"column":15}},"loc":{"start":{"line":7,"column":15},"end":{"line":7,"column":null}},"line":7},"6":{"name":"(anonymous_6)","decl":{"start":{"line":8,"column":2},"end":{"line":8,"column":20}},"loc":{"start":{"line":8,"column":20},"end":{"line":8,"column":null}},"line":8},"7":{"name":"(anonymous_7)","decl":{"start":{"line":9,"column":2},"end":{"line":9,"column":28}},"loc":{"start":{"line":9,"column":41},"end":{"line":9,"column":null}},"line":9},"8":{"name":"(anonymous_8)","decl":{"start":{"line":13,"column":2},"end":{"line":13,"column":10}},"loc":{"start":{"line":13,"column":34},"end":{"line":13,"column":null}},"line":13},"9":{"name":"(anonymous_9)","decl":{"start":{"line":14,"column":2},"end":{"line":14,"column":9}},"loc":{"start":{"line":14,"column":77},"end":{"line":14,"column":null}},"line":14},"10":{"name":"(anonymous_10)","decl":{"start":{"line":15,"column":2},"end":{"line":15,"column":10}},"loc":{"start":{"line":15,"column":34},"end":{"line":15,"column":null}},"line":15},"11":{"name":"(anonymous_11)","decl":{"start":{"line":16,"column":2},"end":{"line":16,"column":12}},"loc":{"start":{"line":16,"column":80},"end":{"line":16,"column":null}},"line":16},"12":{"name":"(anonymous_12)","decl":{"start":{"line":17,"column":2},"end":{"line":17,"column":12}},"loc":{"start":{"line":17,"column":85},"end":{"line":17,"column":null}},"line":17},"13":{"name":"(anonymous_13)","decl":{"start":{"line":18,"column":2},"end":{"line":18,"column":13}},"loc":{"start":{"line":18,"column":38},"end":{"line":18,"column":null}},"line":18}},"branchMap":{},"s":{"0":1,"1":49,"2":1342,"3":1,"4":0,"5":0,"6":0,"7":0,"8":0,"9":0},"f":{"0":49,"1":1342,"2":0,"3":0,"4":0,"5":0,"6":0,"7":0,"8":0,"9":0,"10":0,"11":0,"12":0,"13":0},"b":{},"meta":{"lastBranch":0,"lastFunction":14,"lastStatement":10,"seen":{"s:1:30:1:Infinity":0,"f:1:30:1:31":0,"s:1:49:1:Infinity":1,"f:1:54:1:55":1,"s:1:71:1:75":2,"s:3:35:3:Infinity":3,"f:3:35:3:36":2,"s:3:70:3:Infinity":4,"f:3:70:3:71":3,"s:3:87:3:Infinity":5,"f:6:2:6:10":4,"s:6:29:6:41":6,"f:7:2:7:15":5,"s:7:17:7:29":7,"f:8:2:8:20":6,"s:8:22:8:44":8,"f:9:2:9:28":7,"s:9:43:9:55":9,"f:13:2:13:10":8,"f:14:2:14:9":9,"f:15:2:15:10":10,"f:16:2:16:12":11,"f:17:2:17:12":12,"f:18:2:18:13":13}}}
,"C:\\Users\\mykam\\Desktop\\Proyectos\\Multimodal\\modulo-comunicacion\\plugins\\mo-plugin-playback-web-browsing-activity\\src\\components\\Preview.tsx": {"path":"C:\\Users\\mykam\\Desktop\\Proyectos\\Multimodal\\modulo-comunicacion\\plugins\\mo-plugin-playback-web-browsing-activity\\src\\components\\Preview.tsx","statementMap":{"0":{"start":{"line":4,"column":14},"end":{"line":4,"column":null}},"1":{"start":{"line":6,"column":25},"end":{"line":13,"column":null}},"2":{"start":{"line":15,"column":4},"end":{"line":52,"column":null}},"3":{"start":{"line":34,"column":20},"end":{"line":46,"column":null}}},"fnMap":{"0":{"name":"Preview","decl":{"start":{"line":3,"column":16},"end":{"line":3,"column":26}},"loc":{"start":{"line":3,"column":26},"end":{"line":54,"column":null}},"line":3},"1":{"name":"(anonymous_1)","decl":{"start":{"line":33,"column":34},"end":{"line":33,"column":35}},"loc":{"start":{"line":34,"column":20},"end":{"line":46,"column":null}},"line":34}},"branchMap":{"0":{"loc":{"start":{"line":38,"column":40},"end":{"line":38,"column":null}},"type":"cond-expr","locations":[{"start":{"line":38,"column":50},"end":{"line":38,"column":59}},{"start":{"line":38,"column":59},"end":{"line":38,"column":null}}],"line":38},"1":{"loc":{"start":{"line":42,"column":35},"end":{"line":42,"column":null}},"type":"cond-expr","locations":[{"start":{"line":42,"column":45},"end":{"line":42,"column":54}},{"start":{"line":42,"column":54},"end":{"line":42,"column":null}}],"line":42}},"s":{"0":5,"1":5,"2":5,"3":30},"f":{"0":5,"1":30},"b":{"0":[5,25],"1":[5,25]},"meta":{"lastBranch":2,"lastFunction":2,"lastStatement":4,"seen":{"f:3:16:3:26":0,"s:4:14:4:Infinity":0,"s:6:25:13:Infinity":1,"s:15:4:52:Infinity":2,"f:33:34:33:35":1,"s:34:20:46:Infinity":3,"b:38:50:38:59:38:59:38:Infinity":0,"b:42:45:42:54:42:54:42:Infinity":1}}}
,"C:\\Users\\mykam\\Desktop\\Proyectos\\Multimodal\\modulo-comunicacion\\plugins\\mo-plugin-playback-web-browsing-activity\\src\\components\\View.tsx": {"path":"C:\\Users\\mykam\\Desktop\\Proyectos\\Multimodal\\modulo-comunicacion\\plugins\\mo-plugin-playback-web-browsing-activity\\src\\components\\View.tsx","statementMap":{"0":{"start":{"line":81,"column":23},"end":{"line":81,"column":null}},"1":{"start":{"line":82,"column":4},"end":{"line":82,"column":null}},"2":{"start":{"line":82,"column":39},"end":{"line":82,"column":null}},"3":{"start":{"line":83,"column":4},"end":{"line":83,"column":null}},"4":{"start":{"line":87,"column":4},"end":{"line":93,"column":null}},"5":{"start":{"line":88,"column":20},"end":{"line":88,"column":null}},"6":{"start":{"line":89,"column":8},"end":{"line":89,"column":null}},"7":{"start":{"line":89,"column":21},"end":{"line":89,"column":null}},"8":{"start":{"line":90,"column":8},"end":{"line":90,"column":null}},"9":{"start":{"line":92,"column":8},"end":{"line":92,"column":null}},"10":{"start":{"line":98,"column":4},"end":{"line":98,"column":null}},"11":{"start":{"line":98,"column":22},"end":{"line":98,"column":null}},"12":{"start":{"line":99,"column":4},"end":{"line":99,"column":null}},"13":{"start":{"line":99,"column":22},"end":{"line":99,"column":null}},"14":{"start":{"line":100,"column":4},"end":{"line":100,"column":null}},"15":{"start":{"line":100,"column":22},"end":{"line":100,"column":null}},"16":{"start":{"line":101,"column":4},"end":{"line":101,"column":null}},"17":{"start":{"line":104,"column":17},"end":{"line":111,"column":null}},"18":{"start":{"line":120,"column":4},"end":{"line":192,"column":null}},"19":{"start":{"line":133,"column":28},"end":{"line":145,"column":null}},"20":{"start":{"line":166,"column":28},"end":{"line":187,"column":null}},"21":{"start":{"line":171,"column":36},"end":{"line":185,"column":null}},"22":{"start":{"line":198,"column":14},"end":{"line":198,"column":null}},"23":{"start":{"line":200,"column":34},"end":{"line":200,"column":null}},"24":{"start":{"line":201,"column":36},"end":{"line":201,"column":null}},"25":{"start":{"line":202,"column":38},"end":{"line":202,"column":null}},"26":{"start":{"line":203,"column":36},"end":{"line":203,"column":null}},"27":{"start":{"line":204,"column":32},"end":{"line":204,"column":null}},"28":{"start":{"line":205,"column":30},"end":{"line":205,"column":null}},"29":{"start":{"line":206,"column":24},"end":{"line":206,"column":null}},"30":{"start":{"line":207,"column":32},"end":{"line":207,"column":null}},"31":{"start":{"line":208,"column":30},"end":{"line":208,"column":null}},"32":{"start":{"line":209,"column":26},"end":{"line":209,"column":null}},"33":{"start":{"line":212,"column":4},"end":{"line":251,"column":null}},"34":{"start":{"line":213,"column":24},"end":{"line":213,"column":null}},"35":{"start":{"line":215,"column":12},"end":{"line":215,"column":null}},"36":{"start":{"line":216,"column":12},"end":{"line":216,"column":null}},"37":{"start":{"line":217,"column":12},"end":{"line":247,"column":null}},"38":{"start":{"line":218,"column":31},"end":{"line":218,"column":null}},"39":{"start":{"line":219,"column":16},"end":{"line":219,"column":null}},"40":{"start":{"line":219,"column":32},"end":{"line":219,"column":null}},"41":{"start":{"line":220,"column":29},"end":{"line":220,"column":null}},"42":{"start":{"line":222,"column":49},"end":{"line":229,"column":null}},"43":{"start":{"line":231,"column":16},"end":{"line":238,"column":null}},"44":{"start":{"line":232,"column":20},"end":{"line":232,"column":null}},"45":{"start":{"line":233,"column":20},"end":{"line":233,"column":null}},"46":{"start":{"line":234,"column":20},"end":{"line":234,"column":null}},"47":{"start":{"line":235,"column":20},"end":{"line":235,"column":null}},"48":{"start":{"line":236,"column":20},"end":{"line":236,"column":null}},"49":{"start":{"line":237,"column":20},"end":{"line":237,"column":null}},"50":{"start":{"line":240,"column":16},"end":{"line":244,"column":null}},"51":{"start":{"line":241,"column":20},"end":{"line":243,"column":null}},"52":{"start":{"line":246,"column":16},"end":{"line":246,"column":null}},"53":{"start":{"line":246,"column":32},"end":{"line":246,"column":null}},"54":{"start":{"line":249,"column":8},"end":{"line":249,"column":null}},"55":{"start":{"line":250,"column":8},"end":{"line":250,"column":null}},"56":{"start":{"line":250,"column":23},"end":{"line":250,"column":41}},"57":{"start":{"line":253,"column":4},"end":{"line":264,"column":null}},"58":{"start":{"line":254,"column":26},"end":{"line":254,"column":null}},"59":{"start":{"line":254,"column":60},"end":{"line":254,"column":77}},"60":{"start":{"line":255,"column":27},"end":{"line":255,"column":null}},"61":{"start":{"line":256,"column":26},"end":{"line":256,"column":null}},"62":{"start":{"line":256,"column":58},"end":{"line":256,"column":73}},"63":{"start":{"line":257,"column":26},"end":{"line":257,"column":null}},"64":{"start":{"line":257,"column":58},"end":{"line":257,"column":73}},"65":{"start":{"line":258,"column":8},"end":{"line":263,"column":null}},"66":{"start":{"line":259,"column":12},"end":{"line":259,"column":null}},"67":{"start":{"line":260,"column":12},"end":{"line":260,"column":null}},"68":{"start":{"line":261,"column":12},"end":{"line":261,"column":null}},"69":{"start":{"line":262,"column":12},"end":{"line":262,"column":null}},"70":{"start":{"line":268,"column":8},"end":{"line":268,"column":null}},"71":{"start":{"line":268,"column":31},"end":{"line":268,"column":null}},"72":{"start":{"line":269,"column":30},"end":{"line":269,"column":null}},"73":{"start":{"line":270,"column":8},"end":{"line":270,"column":null}},"74":{"start":{"line":270,"column":33},"end":{"line":270,"column":68}},"75":{"start":{"line":274,"column":33},"end":{"line":278,"column":null}},"76":{"start":{"line":280,"column":35},"end":{"line":287,"column":null}},"77":{"start":{"line":289,"column":29},"end":{"line":291,"column":null}},"78":{"start":{"line":293,"column":79},"end":{"line":378,"column":null}},"79":{"start":{"line":300,"column":50},"end":{"line":303,"column":13}},"80":{"start":{"line":312,"column":51},"end":{"line":319,"column":13}},"81":{"start":{"line":329,"column":50},"end":{"line":336,"column":13}},"82":{"start":{"line":344,"column":48},"end":{"line":347,"column":13}},"83":{"start":{"line":355,"column":47},"end":{"line":358,"column":13}},"84":{"start":{"line":371,"column":44},"end":{"line":376,"column":13}},"85":{"start":{"line":381,"column":46},"end":{"line":388,"column":null}},"86":{"start":{"line":390,"column":4},"end":{"line":396,"column":null}},"87":{"start":{"line":391,"column":8},"end":{"line":394,"column":null}},"88":{"start":{"line":398,"column":4},"end":{"line":404,"column":null}},"89":{"start":{"line":399,"column":8},"end":{"line":402,"column":null}},"90":{"start":{"line":406,"column":30},"end":{"line":406,"column":null}},"91":{"start":{"line":408,"column":4},"end":{"line":426,"column":null}},"92":{"start":{"line":412,"column":20},"end":{"line":421,"column":null}},"93":{"start":{"line":414,"column":39},"end":{"line":414,"column":null}},"94":{"start":{"line":431,"column":44},"end":{"line":439,"column":null}},"95":{"start":{"line":441,"column":42},"end":{"line":446,"column":null}},"96":{"start":{"line":448,"column":41},"end":{"line":455,"column":null}},"97":{"start":{"line":457,"column":41},"end":{"line":467,"column":null}},"98":{"start":{"line":469,"column":47},"end":{"line":473,"column":null}}},"fnMap":{"0":{"name":"toFileUrl","decl":{"start":{"line":80,"column":9},"end":{"line":80,"column":19}},"loc":{"start":{"line":80,"column":45},"end":{"line":84,"column":null}},"line":80},"1":{"name":"loadJsonArray","decl":{"start":{"line":86,"column":15},"end":{"line":86,"column":32}},"loc":{"start":{"line":86,"column":60},"end":{"line":94,"column":null}},"line":86},"2":{"name":"buttonLabel","decl":{"start":{"line":97,"column":9},"end":{"line":97,"column":21}},"loc":{"start":{"line":97,"column":73},"end":{"line":102,"column":null}},"line":97},"3":{"name":"EventTable","decl":{"start":{"line":119,"column":9},"end":{"line":119,"column":20}},"loc":{"start":{"line":119,"column":80},"end":{"line":194,"column":null}},"line":119},"4":{"name":"(anonymous_4)","decl":{"start":{"line":132,"column":37},"end":{"line":132,"column":38}},"loc":{"start":{"line":133,"column":28},"end":{"line":145,"column":null}},"line":133},"5":{"name":"(anonymous_5)","decl":{"start":{"line":165,"column":33},"end":{"line":165,"column":34}},"loc":{"start":{"line":166,"column":28},"end":{"line":187,"column":null}},"line":166},"6":{"name":"(anonymous_6)","decl":{"start":{"line":170,"column":41},"end":{"line":170,"column":42}},"loc":{"start":{"line":171,"column":36},"end":{"line":185,"column":null}},"line":171},"7":{"name":"View","decl":{"start":{"line":197,"column":16},"end":{"line":197,"column":21}},"loc":{"start":{"line":197,"column":63},"end":{"line":428,"column":null}},"line":197},"8":{"name":"(anonymous_8)","decl":{"start":{"line":212,"column":14},"end":{"line":212,"column":20}},"loc":{"start":{"line":212,"column":20},"end":{"line":251,"column":7}},"line":212},"9":{"name":"load","decl":{"start":{"line":214,"column":23},"end":{"line":214,"column":30}},"loc":{"start":{"line":214,"column":30},"end":{"line":248,"column":null}},"line":214},"10":{"name":"(anonymous_10)","decl":{"start":{"line":250,"column":15},"end":{"line":250,"column":21}},"loc":{"start":{"line":250,"column":21},"end":{"line":250,"column":null}},"line":250},"11":{"name":"(anonymous_11)","decl":{"start":{"line":253,"column":14},"end":{"line":253,"column":20}},"loc":{"start":{"line":253,"column":20},"end":{"line":264,"column":7}},"line":253},"12":{"name":"(anonymous_12)","decl":{"start":{"line":254,"column":42},"end":{"line":254,"column":43}},"loc":{"start":{"line":254,"column":60},"end":{"line":254,"column":77}},"line":254},"13":{"name":"(anonymous_13)","decl":{"start":{"line":255,"column":44},"end":{"line":255,"column":50}},"loc":{"start":{"line":255,"column":50},"end":{"line":255,"column":52}},"line":255},"14":{"name":"(anonymous_14)","decl":{"start":{"line":256,"column":42},"end":{"line":256,"column":43}},"loc":{"start":{"line":256,"column":58},"end":{"line":256,"column":73}},"line":256},"15":{"name":"(anonymous_15)","decl":{"start":{"line":257,"column":42},"end":{"line":257,"column":43}},"loc":{"start":{"line":257,"column":58},"end":{"line":257,"column":73}},"line":257},"16":{"name":"(anonymous_16)","decl":{"start":{"line":258,"column":15},"end":{"line":258,"column":21}},"loc":{"start":{"line":258,"column":21},"end":{"line":263,"column":null}},"line":258},"17":{"name":"filterTs","decl":{"start":{"line":267,"column":13},"end":{"line":267,"column":62}},"loc":{"start":{"line":267,"column":77},"end":{"line":271,"column":null}},"line":267},"18":{"name":"(anonymous_18)","decl":{"start":{"line":270,"column":26},"end":{"line":270,"column":27}},"loc":{"start":{"line":270,"column":33},"end":{"line":270,"column":68}},"line":270},"19":{"name":"(anonymous_19)","decl":{"start":{"line":300,"column":43},"end":{"line":300,"column":44}},"loc":{"start":{"line":300,"column":50},"end":{"line":303,"column":13}},"line":300},"20":{"name":"(anonymous_20)","decl":{"start":{"line":312,"column":44},"end":{"line":312,"column":45}},"loc":{"start":{"line":312,"column":51},"end":{"line":319,"column":13}},"line":312},"21":{"name":"(anonymous_21)","decl":{"start":{"line":329,"column":43},"end":{"line":329,"column":44}},"loc":{"start":{"line":329,"column":50},"end":{"line":336,"column":13}},"line":329},"22":{"name":"(anonymous_22)","decl":{"start":{"line":344,"column":41},"end":{"line":344,"column":42}},"loc":{"start":{"line":344,"column":48},"end":{"line":347,"column":13}},"line":344},"23":{"name":"(anonymous_23)","decl":{"start":{"line":355,"column":40},"end":{"line":355,"column":41}},"loc":{"start":{"line":355,"column":47},"end":{"line":358,"column":13}},"line":355},"24":{"name":"(anonymous_24)","decl":{"start":{"line":371,"column":37},"end":{"line":371,"column":38}},"loc":{"start":{"line":371,"column":44},"end":{"line":376,"column":13}},"line":371},"25":{"name":"(anonymous_25)","decl":{"start":{"line":411,"column":30},"end":{"line":411,"column":31}},"loc":{"start":{"line":412,"column":20},"end":{"line":421,"column":null}},"line":412},"26":{"name":"(anonymous_26)","decl":{"start":{"line":414,"column":33},"end":{"line":414,"column":39}},"loc":{"start":{"line":414,"column":39},"end":{"line":414,"column":null}},"line":414}},"branchMap":{"0":{"loc":{"start":{"line":82,"column":4},"end":{"line":82,"column":null}},"type":"if","locations":[{"start":{"line":82,"column":4},"end":{"line":82,"column":null}},{"start":{},"end":{}}],"line":82},"1":{"loc":{"start":{"line":89,"column":8},"end":{"line":89,"column":null}},"type":"if","locations":[{"start":{"line":89,"column":8},"end":{"line":89,"column":null}},{"start":{},"end":{}}],"line":89},"2":{"loc":{"start":{"line":98,"column":4},"end":{"line":98,"column":null}},"type":"if","locations":[{"start":{"line":98,"column":4},"end":{"line":98,"column":null}},{"start":{},"end":{}}],"line":98},"3":{"loc":{"start":{"line":99,"column":4},"end":{"line":99,"column":null}},"type":"if","locations":[{"start":{"line":99,"column":4},"end":{"line":99,"column":null}},{"start":{},"end":{}}],"line":99},"4":{"loc":{"start":{"line":100,"column":4},"end":{"line":100,"column":null}},"type":"if","locations":[{"start":{"line":100,"column":4},"end":{"line":100,"column":null}},{"start":{},"end":{}}],"line":100},"5":{"loc":{"start":{"line":150,"column":21},"end":{"line":188,"column":null}},"type":"cond-expr","locations":[{"start":{"line":151,"column":24},"end":{"line":163,"column":null}},{"start":{"line":165,"column":24},"end":{"line":188,"column":null}}],"line":150},"6":{"loc":{"start":{"line":168,"column":53},"end":{"line":168,"column":86}},"type":"cond-expr","locations":[{"start":{"line":168,"column":67},"end":{"line":168,"column":79}},{"start":{"line":168,"column":79},"end":{"line":168,"column":86}}],"line":168},"7":{"loc":{"start":{"line":219,"column":16},"end":{"line":219,"column":null}},"type":"if","locations":[{"start":{"line":219,"column":16},"end":{"line":219,"column":null}},{"start":{},"end":{}}],"line":219},"8":{"loc":{"start":{"line":223,"column":20},"end":{"line":223,"column":null}},"type":"cond-expr","locations":[{"start":{"line":223,"column":37},"end":{"line":223,"column":80}},{"start":{"line":223,"column":80},"end":{"line":223,"column":null}}],"line":223},"9":{"loc":{"start":{"line":224,"column":20},"end":{"line":224,"column":null}},"type":"cond-expr","locations":[{"start":{"line":224,"column":38},"end":{"line":224,"column":83}},{"start":{"line":224,"column":83},"end":{"line":224,"column":null}}],"line":224},"10":{"loc":{"start":{"line":225,"column":20},"end":{"line":225,"column":null}},"type":"cond-expr","locations":[{"start":{"line":225,"column":37},"end":{"line":225,"column":80}},{"start":{"line":225,"column":80},"end":{"line":225,"column":null}}],"line":225},"11":{"loc":{"start":{"line":226,"column":20},"end":{"line":226,"column":null}},"type":"cond-expr","locations":[{"start":{"line":226,"column":35},"end":{"line":226,"column":74}},{"start":{"line":226,"column":74},"end":{"line":226,"column":null}}],"line":226},"12":{"loc":{"start":{"line":227,"column":20},"end":{"line":227,"column":null}},"type":"cond-expr","locations":[{"start":{"line":227,"column":34},"end":{"line":227,"column":77}},{"start":{"line":227,"column":77},"end":{"line":227,"column":null}}],"line":227},"13":{"loc":{"start":{"line":228,"column":20},"end":{"line":228,"column":null}},"type":"cond-expr","locations":[{"start":{"line":228,"column":31},"end":{"line":228,"column":68}},{"start":{"line":228,"column":68},"end":{"line":228,"column":null}}],"line":228},"14":{"loc":{"start":{"line":231,"column":16},"end":{"line":238,"column":null}},"type":"if","locations":[{"start":{"line":231,"column":16},"end":{"line":238,"column":null}},{"start":{},"end":{}}],"line":231},"15":{"loc":{"start":{"line":240,"column":16},"end":{"line":244,"column":null}},"type":"if","locations":[{"start":{"line":240,"column":16},"end":{"line":244,"column":null}},{"start":{},"end":{}}],"line":240},"16":{"loc":{"start":{"line":242,"column":24},"end":{"line":242,"column":null}},"type":"cond-expr","locations":[{"start":{"line":242,"column":47},"end":{"line":242,"column":61}},{"start":{"line":242,"column":61},"end":{"line":242,"column":null}}],"line":242},"17":{"loc":{"start":{"line":246,"column":16},"end":{"line":246,"column":null}},"type":"if","locations":[{"start":{"line":246,"column":16},"end":{"line":246,"column":null}},{"start":{},"end":{}}],"line":246},"18":{"loc":{"start":{"line":268,"column":8},"end":{"line":268,"column":null}},"type":"if","locations":[{"start":{"line":268,"column":8},"end":{"line":268,"column":null}},{"start":{},"end":{}}],"line":268},"19":{"loc":{"start":{"line":390,"column":4},"end":{"line":396,"column":null}},"type":"if","locations":[{"start":{"line":390,"column":4},"end":{"line":396,"column":null}},{"start":{},"end":{}}],"line":390},"20":{"loc":{"start":{"line":398,"column":4},"end":{"line":404,"column":null}},"type":"if","locations":[{"start":{"line":398,"column":4},"end":{"line":404,"column":null}},{"start":{},"end":{}}],"line":398},"21":{"loc":{"start":{"line":417,"column":32},"end":{"line":417,"column":null}},"type":"cond-expr","locations":[{"start":{"line":417,"column":52},"end":{"line":417,"column":72}},{"start":{"line":417,"column":72},"end":{"line":417,"column":null}}],"line":417}},"s":{"0":40,"1":40,"2":0,"3":40,"4":22,"5":22,"6":22,"7":1,"8":21,"9":0,"10":8,"11":5,"12":3,"13":3,"14":3,"15":3,"16":0,"17":1,"18":24,"19":156,"20":12,"21":96,"22":44,"23":44,"24":44,"25":44,"26":44,"27":44,"28":44,"29":44,"30":44,"31":44,"32":44,"33":44,"34":18,"35":18,"36":18,"37":18,"38":18,"39":16,"40":16,"41":15,"42":15,"43":15,"44":15,"45":15,"46":15,"47":15,"48":15,"49":15,"50":2,"51":2,"52":17,"53":17,"54":18,"55":18,"56":18,"57":44,"58":18,"59":0,"60":18,"61":18,"62":5,"63":18,"64":0,"65":18,"66":18,"67":18,"68":18,"69":18,"70":264,"71":234,"72":30,"73":30,"74":6,"75":44,"76":44,"77":44,"78":44,"79":6,"80":8,"81":0,"82":0,"83":0,"84":3,"85":44,"86":44,"87":18,"88":26,"89":2,"90":24,"91":24,"92":144,"93":4,"94":1,"95":1,"96":1,"97":1,"98":1},"f":{"0":40,"1":22,"2":8,"3":24,"4":156,"5":12,"6":96,"7":44,"8":18,"9":18,"10":18,"11":18,"12":0,"13":0,"14":5,"15":0,"16":18,"17":264,"18":6,"19":6,"20":8,"21":0,"22":0,"23":0,"24":3,"25":144,"26":4},"b":{"0":[0,40],"1":[1,21],"2":[5,3],"3":[0,3],"4":[3,0],"5":[13,11],"6":[11,1],"7":[1,15],"8":[11,4],"9":[10,5],"10":[0,15],"11":[0,15],"12":[0,15],"13":[1,14],"14":[15,0],"15":[2,0],"16":[2,0],"17":[17,0],"18":[234,30],"19":[18,26],"20":[2,24],"21":[24,120]},"meta":{"lastBranch":22,"lastFunction":27,"lastStatement":99,"seen":{"f:80:9:80:19":0,"s:81:23:81:Infinity":0,"b:82:4:82:Infinity:undefined:undefined:undefined:undefined":0,"s:82:4:82:Infinity":1,"s:82:39:82:Infinity":2,"s:83:4:83:Infinity":3,"f:86:15:86:32":1,"s:87:4:93:Infinity":4,"s:88:20:88:Infinity":5,"b:89:8:89:Infinity:undefined:undefined:undefined:undefined":1,"s:89:8:89:Infinity":6,"s:89:21:89:Infinity":7,"s:90:8:90:Infinity":8,"s:92:8:92:Infinity":9,"f:97:9:97:21":2,"b:98:4:98:Infinity:undefined:undefined:undefined:undefined":2,"s:98:4:98:Infinity":10,"s:98:22:98:Infinity":11,"b:99:4:99:Infinity:undefined:undefined:undefined:undefined":3,"s:99:4:99:Infinity":12,"s:99:22:99:Infinity":13,"b:100:4:100:Infinity:undefined:undefined:undefined:undefined":4,"s:100:4:100:Infinity":14,"s:100:22:100:Infinity":15,"s:101:4:101:Infinity":16,"s:104:17:111:Infinity":17,"f:119:9:119:20":3,"s:120:4:192:Infinity":18,"f:132:37:132:38":4,"s:133:28:145:Infinity":19,"b:151:24:163:Infinity:165:24:188:Infinity":5,"f:165:33:165:34":5,"s:166:28:187:Infinity":20,"b:168:67:168:79:168:79:168:86":6,"f:170:41:170:42":6,"s:171:36:185:Infinity":21,"f:197:16:197:21":7,"s:198:14:198:Infinity":22,"s:200:34:200:Infinity":23,"s:201:36:201:Infinity":24,"s:202:38:202:Infinity":25,"s:203:36:203:Infinity":26,"s:204:32:204:Infinity":27,"s:205:30:205:Infinity":28,"s:206:24:206:Infinity":29,"s:207:32:207:Infinity":30,"s:208:30:208:Infinity":31,"s:209:26:209:Infinity":32,"s:212:4:251:Infinity":33,"f:212:14:212:20":8,"s:213:24:213:Infinity":34,"f:214:23:214:30":9,"s:215:12:215:Infinity":35,"s:216:12:216:Infinity":36,"s:217:12:247:Infinity":37,"s:218:31:218:Infinity":38,"b:219:16:219:Infinity:undefined:undefined:undefined:undefined":7,"s:219:16:219:Infinity":39,"s:219:32:219:Infinity":40,"s:220:29:220:Infinity":41,"s:222:49:229:Infinity":42,"b:223:37:223:80:223:80:223:Infinity":8,"b:224:38:224:83:224:83:224:Infinity":9,"b:225:37:225:80:225:80:225:Infinity":10,"b:226:35:226:74:226:74:226:Infinity":11,"b:227:34:227:77:227:77:227:Infinity":12,"b:228:31:228:68:228:68:228:Infinity":13,"b:231:16:238:Infinity:undefined:undefined:undefined:undefined":14,"s:231:16:238:Infinity":43,"s:232:20:232:Infinity":44,"s:233:20:233:Infinity":45,"s:234:20:234:Infinity":46,"s:235:20:235:Infinity":47,"s:236:20:236:Infinity":48,"s:237:20:237:Infinity":49,"b:240:16:244:Infinity:undefined:undefined:undefined:undefined":15,"s:240:16:244:Infinity":50,"s:241:20:243:Infinity":51,"b:242:47:242:61:242:61:242:Infinity":16,"b:246:16:246:Infinity:undefined:undefined:undefined:undefined":17,"s:246:16:246:Infinity":52,"s:246:32:246:Infinity":53,"s:249:8:249:Infinity":54,"s:250:8:250:Infinity":55,"f:250:15:250:21":10,"s:250:23:250:41":56,"s:253:4:264:Infinity":57,"f:253:14:253:20":11,"s:254:26:254:Infinity":58,"f:254:42:254:43":12,"s:254:60:254:77":59,"s:255:27:255:Infinity":60,"f:255:44:255:50":13,"s:256:26:256:Infinity":61,"f:256:42:256:43":14,"s:256:58:256:73":62,"s:257:26:257:Infinity":63,"f:257:42:257:43":15,"s:257:58:257:73":64,"s:258:8:263:Infinity":65,"f:258:15:258:21":16,"s:259:12:259:Infinity":66,"s:260:12:260:Infinity":67,"s:261:12:261:Infinity":68,"s:262:12:262:Infinity":69,"f:267:13:267:62":17,"b:268:8:268:Infinity:undefined:undefined:undefined:undefined":18,"s:268:8:268:Infinity":70,"s:268:31:268:Infinity":71,"s:269:30:269:Infinity":72,"s:270:8:270:Infinity":73,"f:270:26:270:27":18,"s:270:33:270:68":74,"s:274:33:278:Infinity":75,"s:280:35:287:Infinity":76,"s:289:29:291:Infinity":77,"s:293:79:378:Infinity":78,"f:300:43:300:44":19,"s:300:50:303:13":79,"f:312:44:312:45":20,"s:312:51:319:13":80,"f:329:43:329:44":21,"s:329:50:336:13":81,"f:344:41:344:42":22,"s:344:48:347:13":82,"f:355:40:355:41":23,"s:355:47:358:13":83,"f:371:37:371:38":24,"s:371:44:376:13":84,"s:381:46:388:Infinity":85,"b:390:4:396:Infinity:undefined:undefined:undefined:undefined":19,"s:390:4:396:Infinity":86,"s:391:8:394:Infinity":87,"b:398:4:404:Infinity:undefined:undefined:undefined:undefined":20,"s:398:4:404:Infinity":88,"s:399:8:402:Infinity":89,"s:406:30:406:Infinity":90,"s:408:4:426:Infinity":91,"f:411:30:411:31":25,"s:412:20:421:Infinity":92,"f:414:33:414:39":26,"s:414:39:414:Infinity":93,"b:417:52:417:72:417:72:417:Infinity":21,"s:431:44:439:Infinity":94,"s:441:42:446:Infinity":95,"s:448:41:455:Infinity":96,"s:457:41:467:Infinity":97,"s:469:47:473:Infinity":98}}}
}
